[0m[[0m[0mdebug[0m] [0m[0m> Exec(early(addDefaultCommands), None, None)[0m
[0m[[0m[0mdebug[0m] [0m[0m> Exec(addDefaultCommands, None, None)[0m
[0m[[0m[0mdebug[0m] [0m[0m> Exec(early(initialize), None, None)[0m
[0m[[0m[0mdebug[0m] [0m[0m> Exec(initialize, None, None)[0m
[0m[[0m[0mdebug[0m] [0m[0m> Exec(boot, None, None)[0m
[0m[[0m[0mdebug[0m] [0m[0m> Exec(writeSbtVersion, None, None)[0m
[0m[[0m[0mdebug[0m] [0m[0m> Exec(reload, None, None)[0m
[0m[[0m[0mdebug[0m] [0m[0m> Exec(sbtStashOnFailure, None, None)[0m
[0m[[0m[0mdebug[0m] [0m[0m> Exec(onFailure loadFailed, None, None)[0m
[0m[[0m[0mdebug[0m] [0m[0m> Exec(loadp, None, None)[0m
[0m[[0m[0minfo[0m] [0m[0mwelcome to sbt 1.9.8 (AdoptOpenJDK Java 11.0.11)[0m
[0m[[0m[0mdebug[0m] [0m[0m      Load.loadUnit: plugins took 236.4446ms[0m
[0m[[0m[0mdebug[0m] [0m[0m      Load.loadUnit: defsScala took 0.5982ms[0m
[0m[[0m[0mdebug[0m] [0m[0m[Loading] Scanning directory C:\Users\SUWARNA\.sbt\1.0\plugins[0m
[0m[[0m[0mdebug[0m] [0m[0m[Loading] Found non-root projects [0m
[0m[[0m[0mdebug[0m] [0m[0m[Loading] Done in C:\Users\SUWARNA\.sbt\1.0\plugins, returning: ()[0m
[0m[[0m[0mdebug[0m] [0m[0mdeducing auto plugins based on known facts Set(Atom(sbt.plugins.CorePlugin)) and clauses Clauses(Clause(Atom(sbt.plugins.JvmPlugin),Set(Atom(sbt.plugins.IvyPlugin)))[0m
[0m[[0m[0mdebug[0m] [0m[0mClause(Atom(sbt.ScriptedPlugin),Set(Atom(sbt.plugins.JvmPlugin)))[0m
[0m[[0m[0mdebug[0m] [0m[0mClause(Atom(sbt.plugins.SbtPlugin),Set(Atom(sbt.ScriptedPlugin)))[0m
[0m[[0m[0mdebug[0m] [0m[0mClause(Atom(sbt.plugins.SemanticdbPlugin),Set(Atom(sbt.plugins.JvmPlugin)))[0m
[0m[[0m[0mdebug[0m] [0m[0mClause(Atom(sbt.plugins.JUnitXmlReportPlugin),Set(Atom(sbt.plugins.JvmPlugin)))[0m
[0m[[0m[0mdebug[0m] [0m[0mClause(Atom(sbt.plugins.MiniDependencyTreePlugin),Set(Atom(sbt.plugins.JvmPlugin)))[0m
[0m[[0m[0mdebug[0m] [0m[0mClause(Atom(sbt.plugins.CorePlugin),Set(Atom(sbt.plugins.IvyPlugin)))[0m
[0m[[0m[0mdebug[0m] [0m[0mClause(Atom(sbt.plugins.IvyPlugin),Set(Atom(sbt.plugins.JvmPlugin)))[0m
[0m[[0m[0mdebug[0m] [0m[0mClause(Atom(sbt.plugins.JvmPlugin),Set(Atom(sbt.plugins.SemanticdbPlugin)))[0m
[0m[[0m[0mdebug[0m] [0m[0mClause(Atom(sbt.plugins.JvmPlugin),Set(Atom(sbt.plugins.JUnitXmlReportPlugin)))[0m
[0m[[0m[0mdebug[0m] [0m[0mClause(Atom(sbt.plugins.CorePlugin),Set(Atom(sbt.plugins.Giter8TemplatePlugin)))[0m
[0m[[0m[0mdebug[0m] [0m[0mClause(Atom(sbt.plugins.JvmPlugin),Set(Atom(sbt.plugins.MiniDependencyTreePlugin))))[0m
[0m[[0m[0mdebug[0m] [0m[0m  :: deduced result: Matched(sbt.plugins.CorePlugin,sbt.plugins.Giter8TemplatePlugin,sbt.plugins.IvyPlugin,sbt.plugins.JvmPlugin,sbt.plugins.MiniDependencyTreePlugin,sbt.plugins.JUnitXmlReportPlugin,sbt.plugins.SemanticdbPlugin)[0m
[0m[[0m[0mdebug[0m] [0m[0mPlugins.deducer#function took 37.986 ms[0m
[0m[[0m[0mdebug[0m] [0m[0m          Load.resolveProject(global-plugins) took 143.3937ms[0m
[0m[[0m[0mdebug[0m] [0m[0m        Load.loadTransitive: finalizeProject(Project(id global-plugins, base: C:\Users\SUWARNA\.sbt\1.0\plugins, plugins: List(<none>))) took 241.2314ms[0m
[0m[[0m[0mdebug[0m] [0m[0m[Loading] Done in C:\Users\SUWARNA\.sbt\1.0\plugins, returning: (global-plugins)[0m
[0m[[0m[0mdebug[0m] [0m[0m      Load.loadUnit: loadedProjectsRaw took 283.6325ms[0m
[0m[[0m[0mdebug[0m] [0m[0m      Load.loadUnit: cleanEvalClasses took 2.027ms[0m
[0m[[0m[0mdebug[0m] [0m[0m    Load.loadUnit(file:/C:/Users/SUWARNA/.sbt/1.0/plugins/, ...) took 545.1274ms[0m
[0m[[0m[0mdebug[0m] [0m[0m  Load.apply: load took 1101.9062ms[0m
[0m[[0m[0mdebug[0m] [0m[0m  Load.apply: resolveProjects took 16.205ms[0m
[0m[[0m[0mdebug[0m] [0m[0m  Load.apply: finalTransforms took 162.1201ms[0m
[0m[[0m[0mdebug[0m] [0m[0m  Load.apply: config.delegates took 22.7146ms[0m
[0m[[0m[0mdebug[0m] [0m[0m  Load.apply: Def.make(settings)... took 1614.2711ms[0m
[0m[[0m[0mdebug[0m] [0m[0m  Load.apply: structureIndex took 369.3455ms[0m
[0m[[0m[0mdebug[0m] [0m[0m  Load.apply: mkStreams took 9.846ms[0m
[0m[[0m[0minfo[0m] [0m[0mloading global plugins from C:\Users\SUWARNA\.sbt\1.0\plugins[0m
[0m[[0m[0mdebug[0m] [0m[0mRunning task... Cancel: Signal, check cycles: false, forcegc: true[0m
[0m[[0m[0mdebug[0m] [0m[0mLoad.defaultLoad until apply took 9260.4318ms[0m
[0m[[0m[0mdebug[0m] [0m[0m          Load.loadUnit: plugins took 79.1745ms[0m
[0m[[0m[0mdebug[0m] [0m[0m          Load.loadUnit: defsScala took 0.0063ms[0m
[0m[[0m[0mdebug[0m] [0m[0m[Loading] Scanning directory C:\Users\SUWARNA\IdeaProjects\play-samples\play-scala-hello-world-tutorial\project[0m
[0m[[0m[0mdebug[0m] [0m[0m            Load.loadUnit: mkEval took 18.292ms[0m
[0m[[0m[0mdebug[0m] [0m[0m[Loading] Found non-root projects [0m
[0m[[0m[0mdebug[0m] [0m[0m[Loading] Done in C:\Users\SUWARNA\IdeaProjects\play-samples\play-scala-hello-world-tutorial\project, returning: ()[0m
[0m[[0m[0mdebug[0m] [0m[0mdeducing auto plugins based on known facts Set(Atom(sbt.plugins.CorePlugin)) and clauses Clauses(Clause(Atom(sbt.plugins.JvmPlugin),Set(Atom(sbt.plugins.IvyPlugin)))[0m
[0m[[0m[0mdebug[0m] [0m[0mClause(Atom(sbt.ScriptedPlugin),Set(Atom(sbt.plugins.JvmPlugin)))[0m
[0m[[0m[0mdebug[0m] [0m[0mClause(Atom(sbt.plugins.SbtPlugin),Set(Atom(sbt.ScriptedPlugin)))[0m
[0m[[0m[0mdebug[0m] [0m[0mClause(Atom(sbt.plugins.SemanticdbPlugin),Set(Atom(sbt.plugins.JvmPlugin)))[0m
[0m[[0m[0mdebug[0m] [0m[0mClause(Atom(sbt.plugins.JUnitXmlReportPlugin),Set(Atom(sbt.plugins.JvmPlugin)))[0m
[0m[[0m[0mdebug[0m] [0m[0mClause(Atom(sbt.plugins.MiniDependencyTreePlugin),Set(Atom(sbt.plugins.JvmPlugin)))[0m
[0m[[0m[0mdebug[0m] [0m[0mClause(Atom(sbt.plugins.CorePlugin),Set(Atom(sbt.plugins.IvyPlugin)))[0m
[0m[[0m[0mdebug[0m] [0m[0mClause(Atom(sbt.plugins.IvyPlugin),Set(Atom(sbt.plugins.JvmPlugin)))[0m
[0m[[0m[0mdebug[0m] [0m[0mClause(Atom(sbt.plugins.JvmPlugin),Set(Atom(sbt.plugins.SemanticdbPlugin)))[0m
[0m[[0m[0mdebug[0m] [0m[0mClause(Atom(sbt.plugins.JvmPlugin),Set(Atom(sbt.plugins.JUnitXmlReportPlugin)))[0m
[0m[[0m[0mdebug[0m] [0m[0mClause(Atom(sbt.plugins.CorePlugin),Set(Atom(sbt.plugins.Giter8TemplatePlugin)))[0m
[0m[[0m[0mdebug[0m] [0m[0mClause(Atom(sbt.plugins.JvmPlugin),Set(Atom(sbt.plugins.MiniDependencyTreePlugin))))[0m
[0m[[0m[0mdebug[0m] [0m[0m  :: deduced result: Matched(sbt.plugins.CorePlugin,sbt.plugins.Giter8TemplatePlugin,sbt.plugins.IvyPlugin,sbt.plugins.JvmPlugin,sbt.plugins.MiniDependencyTreePlugin,sbt.plugins.JUnitXmlReportPlugin,sbt.plugins.SemanticdbPlugin)[0m
[0m[[0m[0mdebug[0m] [0m[0mPlugins.deducer#function took 8.2025 ms[0m
[0m[[0m[0minfo[0m] [0m[0mloading settings for project play-scala-hello-world-tutorial-build from plugins.sbt ...[0m
[0m[[0m[0mdebug[0m] [0m[0m              Load.resolveProject(play-scala-hello-world-tutorial-build) took 51.1854ms[0m
[0m[[0m[0mdebug[0m] [0m[0m            Load.loadTransitive: finalizeProject(Project(id play-scala-hello-world-tutorial-build, base: C:\Users\SUWARNA\IdeaProjects\play-samples\play-scala-hello-world-tutorial\project, plugins: List(<none>))) took 61.3305ms[0m
[0m[[0m[0mdebug[0m] [0m[0m[Loading] Done in C:\Users\SUWARNA\IdeaProjects\play-samples\play-scala-hello-world-tutorial\project, returning: (play-scala-hello-world-tutorial-build)[0m
[0m[[0m[0mdebug[0m] [0m[0m          Load.loadUnit: loadedProjectsRaw took 445.1864ms[0m
[0m[[0m[0mdebug[0m] [0m[0m          Load.loadUnit: cleanEvalClasses took 20.0149ms[0m
[0m[[0m[0mdebug[0m] [0m[0m        Load.loadUnit(file:/C:/Users/SUWARNA/IdeaProjects/play-samples/play-scala-hello-world-tutorial/project/, ...) took 546.473ms[0m
[0m[[0m[0mdebug[0m] [0m[0m      Load.apply: load took 550.6948ms[0m
[0m[[0m[0mdebug[0m] [0m[0m      Load.apply: resolveProjects took 0.3057ms[0m
[0m[[0m[0mdebug[0m] [0m[0m      Load.apply: finalTransforms took 63.4066ms[0m
[0m[[0m[0mdebug[0m] [0m[0m      Load.apply: config.delegates took 2.0969ms[0m
[0m[[0m[0mdebug[0m] [0m[0m      Load.apply: Def.make(settings)... took 383.517ms[0m
[0m[[0m[0mdebug[0m] [0m[0m      Load.apply: structureIndex took 111.1769ms[0m
[0m[[0m[0mdebug[0m] [0m[0m      Load.apply: mkStreams took 0.005ms[0m
[0m[[0m[0minfo[0m] [0m[0mloading project definition from C:\Users\SUWARNA\IdeaProjects\play-samples\play-scala-hello-world-tutorial\project[0m
[0m[[0m[0mdebug[0m] [0m[0mRunning task... Cancel: Signal, check cycles: false, forcegc: true[0m
[0m[[0m[0mdebug[0m] [0m[0m    Load.loadUnit: plugins took 4372.52ms[0m
[0m[[0m[0mdebug[0m] [0m[0m    Load.loadUnit: defsScala took 0.011ms[0m
[0m[[0m[0mdebug[0m] [0m[0m[Loading] Scanning directory C:\Users\SUWARNA\IdeaProjects\play-samples\play-scala-hello-world-tutorial[0m
[0m[[0m[0mdebug[0m] [0m[0m      Load.loadUnit: mkEval took 0.8313ms[0m
[0m[[0m[0mdebug[0m] [0m[0m[Loading] Found root project root w/ remaining [0m
[0m[[0m[0mdebug[0m] [0m[0mdeducing auto plugins based on known facts Set(Atom(play.sbt.PlayScala), Atom(sbt.plugins.CorePlugin)) and clauses Clauses(Clause(Atom(sbt.plugins.JvmPlugin),Set(Atom(sbt.plugins.IvyPlugin)))[0m
[0m[[0m[0mdebug[0m] [0m[0mClause(Atom(sbt.ScriptedPlugin),Set(Atom(sbt.plugins.JvmPlugin)))[0m
[0m[[0m[0mdebug[0m] [0m[0mClause(Atom(sbt.plugins.SbtPlugin),Set(Atom(sbt.ScriptedPlugin)))[0m
[0m[[0m[0mdebug[0m] [0m[0mClause(Atom(sbt.plugins.SemanticdbPlugin),Set(Atom(sbt.plugins.JvmPlugin)))[0m
[0m[[0m[0mdebug[0m] [0m[0mClause(Atom(sbt.plugins.JUnitXmlReportPlugin),Set(Atom(sbt.plugins.JvmPlugin)))[0m
[0m[[0m[0mdebug[0m] [0m[0mClause(Atom(sbt.plugins.MiniDependencyTreePlugin),Set(Atom(sbt.plugins.JvmPlugin)))[0m
[0m[[0m[0mdebug[0m] [0m[0mClause(Atom(play.sbt.Play),Set(Atom(play.sbt.routes.RoutesCompiler)))[0m
[0m[[0m[0mdebug[0m] [0m[0mClause(Atom(play.sbt.Play),Set(Atom(com.typesafe.sbt.jse.SbtJsTask)))[0m
[0m[[0m[0mdebug[0m] [0m[0mClause(Atom(play.sbt.Play),Set(Atom(com.typesafe.sbt.packager.archetypes.JavaServerAppPackaging)))[0m
[0m[[0m[0mdebug[0m] [0m[0mClause(Atom(play.sbt.Play),Set(Atom(play.twirl.sbt.SbtTwirl)))[0m
[0m[[0m[0mdebug[0m] [0m[0mClause(Atom(play.sbt.PlayFilters),Set(Atom(play.sbt.PlayWeb)))[0m
[0m[[0m[0mdebug[0m] [0m[0mClause(Atom(play.sbt.PlayJava),Set(Atom(play.sbt.PlayWeb)))[0m
[0m[[0m[0mdebug[0m] [0m[0mClause(Atom(play.sbt.PlayLayoutPlugin),Set(Atom(play.sbt.PlayWeb)))[0m
[0m[[0m[0mdebug[0m] [0m[0mClause(Atom(play.sbt.PlayLogback),Set(Atom(play.sbt.PlayService)))[0m
[0m[[0m[0mdebug[0m] [0m[0mClause(Atom(play.sbt.PlayMinimalJava),Set(Atom(play.sbt.PlayWeb)))[0m
[0m[[0m[0mdebug[0m] [0m[0mClause(Atom(play.sbt.PlayNettyServer),Set(Atom(play.sbt.PlayService)))[0m
[0m[[0m[0mdebug[0m] [0m[0mClause(Atom(play.sbt.PlayPekkoHttp2Support),Set(Atom(play.sbt.PlayPekkoHttpServer)))[0m
[0m[[0m[0mdebug[0m] [0m[0mClause(Atom(play.sbt.PlayPekkoHttpServer),Set(Atom(play.sbt.PlayService)))[0m
[0m[[0m[0mdebug[0m] [0m[0mClause(Atom(play.sbt.PlayScala),Set(Atom(play.sbt.PlayWeb)))[0m
[0m[[0m[0mdebug[0m] [0m[0mClause(Atom(play.sbt.PlayService),Set(Atom(com.typesafe.sbt.packager.archetypes.JavaServerAppPackaging)))[0m
[0m[[0m[0mdebug[0m] [0m[0mClause(Atom(play.sbt.PlayWeb),Set(Atom(play.sbt.routes.RoutesCompiler)))[0m
[0m[[0m[0mdebug[0m] [0m[0mClause(Atom(play.sbt.PlayWeb),Set(Atom(com.typesafe.sbt.jse.SbtJsTask)))[0m
[0m[[0m[0mdebug[0m] [0m[0mClause(Atom(play.sbt.PlayWeb),Set(Atom(play.sbt.PlayService)))[0m
[0m[[0m[0mdebug[0m] [0m[0mClause(Atom(play.sbt.PlayWeb),Set(Atom(play.twirl.sbt.SbtTwirl)))[0m
[0m[[0m[0mdebug[0m] [0m[0mClause(Atom(play.sbt.routes.RoutesCompiler),Set(Atom(sbt.plugins.JvmPlugin)))[0m
[0m[[0m[0mdebug[0m] [0m[0mClause(Atom(play.twirl.sbt.SbtTwirl),Set(Atom(sbt.plugins.JvmPlugin)))[0m
[0m[[0m[0mdebug[0m] [0m[0mClause(Atom(com.typesafe.sbt.SbtNativePackager),Set(Atom(sbt.plugins.JvmPlugin)))[0m
[0m[[0m[0mdebug[0m] [0m[0mClause(Atom(com.typesafe.sbt.packager.archetypes.JavaAppPackaging),Set(Atom(com.typesafe.sbt.packager.windows.WindowsPlugin)))[0m
[0m[[0m[0mdebug[0m] [0m[0mClause(Atom(com.typesafe.sbt.packager.archetypes.JavaAppPackaging),Set(Atom(com.typesafe.sbt.packager.docker.DockerPlugin)))[0m
[0m[[0m[0mdebug[0m] [0m[0mClause(Atom(com.typesafe.sbt.packager.archetypes.JavaAppPackaging),Set(Atom(com.typesafe.sbt.packager.debian.DebianPlugin)))[0m
[0m[[0m[0mdebug[0m] [0m[0mClause(Atom(com.typesafe.sbt.packager.archetypes.JavaAppPackaging),Set(Atom(com.typesafe.sbt.packager.rpm.RpmPlugin)))[0m
[0m[[0m[0mdebug[0m] [0m[0mClause(Atom(com.typesafe.sbt.packager.archetypes.JavaServerAppPackaging),Set(Atom(com.typesafe.sbt.packager.archetypes.JavaAppPackaging)))[0m
[0m[[0m[0mdebug[0m] [0m[0mClause(Atom(com.typesafe.sbt.packager.archetypes.jar.ClasspathJarPlugin),Set(Atom(com.typesafe.sbt.packager.archetypes.JavaAppPackaging)))[0m
[0m[[0m[0mdebug[0m] [0m[0mClause(Atom(com.typesafe.sbt.packager.archetypes.jar.LauncherJarPlugin),Set(Atom(com.typesafe.sbt.packager.archetypes.JavaAppPackaging)))[0m
[0m[[0m[0mdebug[0m] [0m[0mClause(Atom(com.typesafe.sbt.packager.archetypes.jlink.JlinkPlugin),Set(Atom(com.typesafe.sbt.packager.archetypes.JavaAppPackaging)))[0m
[0m[[0m[0mdebug[0m] [0m[0mClause(Atom(com.typesafe.sbt.packager.archetypes.scripts.AshScriptPlugin),Set(Atom(com.typesafe.sbt.packager.archetypes.JavaAppPackaging)))[0m
[0m[[0m[0mdebug[0m] [0m[0mClause(Atom(com.typesafe.sbt.packager.archetypes.scripts.AshScriptPlugin),Set(Atom(com.typesafe.sbt.packager.archetypes.scripts.BashStartScriptPlugin)))[0m
[0m[[0m[0mdebug[0m] [0m[0mClause(Atom(com.typesafe.sbt.packager.archetypes.scripts.BashStartScriptPlugin),Set(Atom(com.typesafe.sbt.packager.archetypes.JavaAppPackaging)))[0m
[0m[[0m[0mdebug[0m] [0m[0mClause(Atom(com.typesafe.sbt.packager.archetypes.scripts.BatStartScriptPlugin),Set(Atom(com.typesafe.sbt.packager.archetypes.JavaAppPackaging)))[0m
[0m[[0m[0mdebug[0m] [0m[0mClause(Atom(com.typesafe.sbt.packager.archetypes.systemloader.SystemVPlugin),Set(Atom(com.typesafe.sbt.packager.archetypes.systemloader.SystemloaderPlugin)))[0m
[0m[[0m[0mdebug[0m] [0m[0mClause(Atom(com.typesafe.sbt.packager.archetypes.systemloader.SystemdPlugin),Set(Atom(com.typesafe.sbt.packager.archetypes.systemloader.SystemloaderPlugin)))[0m
[0m[[0m[0mdebug[0m] [0m[0mClause(Atom(com.typesafe.sbt.packager.archetypes.systemloader.SystemloaderPlugin),Set(Atom(com.typesafe.sbt.packager.debian.DebianPlugin)))[0m
[0m[[0m[0mdebug[0m] [0m[0mClause(Atom(com.typesafe.sbt.packager.archetypes.systemloader.SystemloaderPlugin),Set(Atom(com.typesafe.sbt.packager.rpm.RpmPlugin)))[0m
[0m[[0m[0mdebug[0m] [0m[0mClause(Atom(com.typesafe.sbt.packager.archetypes.systemloader.UpstartPlugin),Set(Atom(com.typesafe.sbt.packager.archetypes.systemloader.SystemloaderPlugin)))[0m
[0m[[0m[0mdebug[0m] [0m[0mClause(Atom(com.typesafe.sbt.packager.debian.DebianDeployPlugin),Set(Atom(com.typesafe.sbt.packager.debian.DebianPlugin)))[0m
[0m[[0m[0mdebug[0m] [0m[0mClause(Atom(com.typesafe.sbt.packager.debian.DebianPlugin),Set(Atom(com.typesafe.sbt.packager.linux.LinuxPlugin)))[0m
[0m[[0m[0mdebug[0m] [0m[0mClause(Atom(com.typesafe.sbt.packager.debian.JDebPackaging),Set(Atom(com.typesafe.sbt.packager.debian.DebianPlugin)))[0m
[0m[[0m[0mdebug[0m] [0m[0mClause(Atom(com.typesafe.sbt.packager.docker.DockerPlugin),Set(Atom(com.typesafe.sbt.packager.universal.UniversalPlugin)))[0m
[0m[[0m[0mdebug[0m] [0m[0mClause(Atom(com.typesafe.sbt.packager.docker.DockerSpotifyClientPlugin),Set(Atom(com.typesafe.sbt.packager.docker.DockerPlugin)))[0m
[0m[[0m[0mdebug[0m] [0m[0mClause(Atom(com.typesafe.sbt.packager.graalvmnativeimage.GraalVMNativeImagePlugin),Set(Atom(com.typesafe.sbt.packager.archetypes.JavaAppPackaging)))[0m
[0m[[0m[0mdebug[0m] [0m[0mClause(Atom(com.typesafe.sbt.packager.jdkpackager.JDKPackagerDeployPlugin),Set(Atom(com.typesafe.sbt.packager.jdkpackager.JDKPackagerPlugin)))[0m
[0m[[0m[0mdebug[0m] [0m[0mClause(Atom(com.typesafe.sbt.packager.jdkpackager.JDKPackagerPlugin),Set(Atom(com.typesafe.sbt.packager.archetypes.JavaAppPackaging)))[0m
[0m[[0m[0mdebug[0m] [0m[0mClause(Atom(com.typesafe.sbt.packager.jdkpackager.JDKPackagerPlugin),Set(Atom(com.typesafe.sbt.packager.archetypes.jar.LauncherJarPlugin)))[0m
[0m[[0m[0mdebug[0m] [0m[0mClause(Atom(com.typesafe.sbt.packager.linux.LinuxPlugin),Set(Atom(com.typesafe.sbt.packager.universal.UniversalPlugin)))[0m
[0m[[0m[0mdebug[0m] [0m[0mClause(Atom(com.typesafe.sbt.packager.rpm.RpmDeployPlugin),Set(Atom(com.typesafe.sbt.packager.rpm.RpmPlugin)))[0m
[0m[[0m[0mdebug[0m] [0m[0mClause(Atom(com.typesafe.sbt.packager.rpm.RpmPlugin),Set(Atom(com.typesafe.sbt.packager.linux.LinuxPlugin)))[0m
[0m[[0m[0mdebug[0m] [0m[0mClause(Atom(com.typesafe.sbt.packager.universal.UniversalDeployPlugin),Set(Atom(com.typesafe.sbt.packager.universal.UniversalPlugin)))[0m
[0m[[0m[0mdebug[0m] [0m[0mClause(Atom(com.typesafe.sbt.packager.universal.UniversalPlugin),Set(Atom(com.typesafe.sbt.SbtNativePackager)))[0m
[0m[[0m[0mdebug[0m] [0m[0mClause(Atom(com.typesafe.sbt.packager.windows.WindowsDeployPlugin),Set(Atom(com.typesafe.sbt.packager.windows.WindowsPlugin)))[0m
[0m[[0m[0mdebug[0m] [0m[0mClause(Atom(com.typesafe.sbt.packager.windows.WindowsPlugin),Set(Atom(com.typesafe.sbt.packager.universal.UniversalPlugin)))[0m
[0m[[0m[0mdebug[0m] [0m[0mClause(Atom(com.typesafe.sbt.web.SbtWeb),Set(Atom(sbt.plugins.JvmPlugin)))[0m
[0m[[0m[0mdebug[0m] [0m[0mClause(Atom(com.typesafe.sbt.jse.SbtJsEngine),Set(Atom(com.typesafe.sbt.web.SbtWeb)))[0m
[0m[[0m[0mdebug[0m] [0m[0mClause(Atom(com.typesafe.sbt.jse.SbtJsTask),Set(Atom(com.typesafe.sbt.jse.SbtJsEngine)))[0m
[0m[[0m[0mdebug[0m] [0m[0mClause(Atom(sbt.plugins.CorePlugin),Set(Atom(sbt.plugins.IvyPlugin)))[0m
[0m[[0m[0mdebug[0m] [0m[0mClause(Atom(sbt.plugins.IvyPlugin),Set(Atom(sbt.plugins.JvmPlugin)))[0m
[0m[[0m[0mdebug[0m] [0m[0mClause(Atom(sbt.plugins.JvmPlugin),Set(Atom(sbt.plugins.SemanticdbPlugin)))[0m
[0m[[0m[0mdebug[0m] [0m[0mClause(Atom(sbt.plugins.JvmPlugin),Set(Atom(sbt.plugins.JUnitXmlReportPlugin)))[0m
[0m[[0m[0mdebug[0m] [0m[0mClause(Atom(sbt.plugins.CorePlugin),Set(Atom(sbt.plugins.Giter8TemplatePlugin)))[0m
[0m[[0m[0mdebug[0m] [0m[0mClause(Atom(sbt.plugins.JvmPlugin),Set(Atom(sbt.plugins.MiniDependencyTreePlugin)))[0m
[0m[[0m[0mdebug[0m] [0m[0mClause(Atom(play.sbt.PlayWeb),Set(Atom(play.sbt.PlayFilters)))[0m
[0m[[0m[0mdebug[0m] [0m[0mClause(Atom(play.sbt.PlayWeb),Set(Atom(play.sbt.PlayLayoutPlugin)))[0m
[0m[[0m[0mdebug[0m] [0m[0mClause(Atom(play.sbt.PlayService),Set(Atom(play.sbt.PlayLogback)))[0m
[0m[[0m[0mdebug[0m] [0m[0mClause(Atom(play.sbt.PlayService),Set(Atom(play.sbt.PlayPekkoHttpServer)))[0m
[0m[[0m[0mdebug[0m] [0m[0mClause(Atom(com.typesafe.sbt.packager.archetypes.JavaAppPackaging),Set(Atom(com.typesafe.sbt.packager.archetypes.scripts.BashStartScriptPlugin)))[0m
[0m[[0m[0mdebug[0m] [0m[0mClause(Atom(com.typesafe.sbt.packager.archetypes.JavaAppPackaging),Set(Atom(com.typesafe.sbt.packager.archetypes.scripts.BatStartScriptPlugin)))[0m
[0m[[0m[0mdebug[0m] [0m[0mClause(Atom(com.typesafe.sbt.web.SbtWeb),Set(Atom(com.typesafe.sbt.jse.SbtJsEngine)))[0m
[0m[[0m[0mdebug[0m] [0m[0mClause(Atom(com.typesafe.sbt.jse.SbtJsEngine),Set(Atom(com.typesafe.sbt.jse.SbtJsTask))))[0m
[0m[[0m[0mdebug[0m] [0m[0m  :: deduced result: Matched(sbt.plugins.CorePlugin,play.sbt.PlayScala,sbt.plugins.Giter8TemplatePlugin,sbt.plugins.IvyPlugin,play.sbt.PlayWeb,play.twirl.sbt.SbtTwirl,sbt.plugins.JvmPlugin,play.sbt.PlayService,play.sbt.PlayFilters,play.sbt.PlayLayoutPlugin,play.sbt.routes.RoutesCompiler,com.typesafe.sbt.jse.SbtJsTask,com.typesafe.sbt.packager.archetypes.JavaServerAppPackaging,play.sbt.PlayPekkoHttpServer,sbt.plugins.SemanticdbPlugin,sbt.plugins.JUnitXmlReportPlugin,play.sbt.PlayLogback,sbt.plugins.MiniDependencyTreePlugin,com.typesafe.sbt.jse.SbtJsEngine,com.typesafe.sbt.web.SbtWeb,com.typesafe.sbt.packager.archetypes.JavaAppPackaging,com.typesafe.sbt.packager.rpm.RpmPlugin,com.typesafe.sbt.packager.archetypes.scripts.BashStartScriptPlugin,com.typesafe.sbt.packager.windows.WindowsPlugin,com.typesafe.sbt.packager.archetypes.scripts.BatStartScriptPlugin,com.typesafe.sbt.packager.docker.DockerPlugin,com.typesafe.sbt.packager.debian.DebianPlugin,com.typesafe.sbt.packager.universal.UniversalPlugin,com.typesafe.sbt.packager.linux.LinuxPlugin,com.typesafe.sbt.SbtNativePackager)[0m
[0m[[0m[0mdebug[0m] [0m[0mPlugins.deducer#function took 46.2764 ms[0m
[0m[[0m[0minfo[0m] [0m[0mloading settings for project root from build.sbt ...[0m
[0m[[0m[0mdebug[0m] [0m[0m        Load.resolveProject(root) took 363.4706ms[0m
[0m[[0m[0mdebug[0m] [0m[0m      Load.loadTransitive: finalizeProject(Project(id root, base: C:\Users\SUWARNA\IdeaProjects\play-samples\play-scala-hello-world-tutorial, plugins: List(play.sbt.PlayScala))) took 414.2541ms[0m
[0m[[0m[0mdebug[0m] [0m[0m[Loading] Done in C:\Users\SUWARNA\IdeaProjects\play-samples\play-scala-hello-world-tutorial, returning: (root)[0m
[0m[[0m[0mdebug[0m] [0m[0m    Load.loadUnit: loadedProjectsRaw took 682.8966ms[0m
[0m[[0m[0mdebug[0m] [0m[0m    Load.loadUnit: cleanEvalClasses took 3.8501ms[0m
[0m[[0m[0mdebug[0m] [0m[0m  Load.loadUnit(file:/C:/Users/SUWARNA/IdeaProjects/play-samples/play-scala-hello-world-tutorial/, ...) took 5061.1ms[0m
[0m[[0m[0mdebug[0m] [0m[0mLoad.apply: load took 5069.2565ms[0m
[0m[[0m[0mdebug[0m] [0m[0mLoad.apply: resolveProjects took 0.401ms[0m
[0m[[0m[0mdebug[0m] [0m[0mLoad.apply: finalTransforms took 66.1672ms[0m
[0m[[0m[0mdebug[0m] [0m[0mLoad.apply: config.delegates took 2.7124ms[0m
[0m[[0m[0mdebug[0m] [0m[0mLoad.apply: Def.make(settings)... took 497.0605ms[0m
[0m[[0m[0mdebug[0m] [0m[0mLoad.apply: structureIndex took 253.5444ms[0m
[0m[[0m[0mdebug[0m] [0m[0mLoad.apply: mkStreams took 0.0048ms[0m
[0m[[0m[0minfo[0m] [0m[0m  __              __[0m
[0m[[0m[0minfo[0m] [0m[0m  \ \     ____   / /____ _ __  __[0m
[0m[[0m[0minfo[0m] [0m[0m   \ \   / __ \ / // __ `// / / /[0m
[0m[[0m[0minfo[0m] [0m[0m   / /  / /_/ // // /_/ // /_/ /[0m
[0m[[0m[0minfo[0m] [0m[0m  /_/  / .___//_/ \__,_/ \__, /[0m
[0m[[0m[0minfo[0m] [0m[0m      /_/               /____/[0m
[0m[[0m[0minfo[0m] [0m[0m[0m
[0m[[0m[0minfo[0m] [0m[0mVersion 3.0.2 running Java 11.0.11[0m
[0m[[0m[0minfo[0m] [0m[0m[0m
[0m[[0m[0minfo[0m] [0m[0mPlay is run entirely by the community. Please consider contributing and/or donating:[0m
[0m[[0m[0minfo[0m] [0m[0mhttps://www.playframework.com/sponsors[0m
[0m[[0m[0minfo[0m] [0m[0m[0m
[0m[[0m[0mdebug[0m] [0m[0m> Exec(sbtPopOnFailure, None, None)[0m
[0m[[0m[0mdebug[0m] [0m[0m> Exec(resumeFromFailure, None, None)[0m
[0m[[0m[0mdebug[0m] [0m[0m> Exec(notifyUsersAboutShell, None, None)[0m
[0m[[0m[0mdebug[0m] [0m[0m> Exec(iflast shell, None, None)[0m
[0m[[0m[0mdebug[0m] [0m[0m> Exec(run, None, None)[0m
[0m[[0m[0mdebug[0m] [0m[0mEvaluating tasks: Compile / run[0m
[0m[[0m[0mdebug[0m] [0m[0mRunning task... Cancel: Signal, check cycles: false, forcegc: true[0m
[0m[[0m[0mdebug[0m] [0m[0mRunning task... Cancel: Signal, check cycles: false, forcegc: true[0m
[0m[[0m[0minfo[0m] [0m[0mcompiling 9 Scala sources and 1 Java source to C:\Users\SUWARNA\IdeaProjects\play-samples\play-scala-hello-world-tutorial\target\scala-2.13\classes ...[0m
[0m[[0m[31merror[0m] [0m[0mC:\Users\SUWARNA\IdeaProjects\play-samples\play-scala-hello-world-tutorial\app\actors\ActorSytemOfSCM.scala:7:8: object ConsumerSettings is not a member of package org.apache.kafka.clients.consumer[0m
[0m[[0m[31merror[0m] [0m[0mimport org.apache.kafka.clients.consumer.{ConsumerSettings, KafkaConsumer}[0m
[0m[[0m[31merror[0m] [0m[0m       ^[0m
[0m[[0m[31merror[0m] [0m[0mC:\Users\SUWARNA\IdeaProjects\play-samples\play-scala-hello-world-tutorial\app\actors\ActorSytemOfSCM.scala:74:34: No Json deserializer found for type OrderDetails. Try to implement an implicit Reads or Format for this type.[0m
[0m[[0m[31merror[0m] [0m[0m        Json.parse(jsonString).as[OrderDetails][0m
[0m[[0m[31merror[0m] [0m[0m                                 ^[0m
[0m[[0m[31merror[0m] [0m[0mC:\Users\SUWARNA\IdeaProjects\play-samples\play-scala-hello-world-tutorial\app\actors\ActorSytemOfSCM.scala:83:34: No Json deserializer found for type SupplierDetails. Try to implement an implicit Reads or Format for this type.[0m
[0m[[0m[31merror[0m] [0m[0m        Json.parse(jsonString).as[SupplierDetails][0m
[0m[[0m[31merror[0m] [0m[0m                                 ^[0m
[0m[[0m[31merror[0m] [0m[0mC:\Users\SUWARNA\IdeaProjects\play-samples\play-scala-hello-world-tutorial\app\actors\ActorSytemOfSCM.scala:45:46: Auto-application to `()` is deprecated. Supply the empty argument list `()` explicitly to invoke method apply,[0m
[0m[[0m[31merror[0m] [0m[0mor remove the empty argument list from its definition (Java-defined methods are exempt).[0m
[0m[[0m[31merror[0m] [0m[0mIn Scala 3, an unapplied method like this will be eta-expanded into a function. [quickfixable][0m
[0m[[0m[31merror[0m] [0m[0m  val manufactureActor = system.actorOf(Props[ManufactureActor], "manufactureActor")[0m
[0m[[0m[31merror[0m] [0m[0m                                             ^[0m
[0m[[0m[31merror[0m] [0m[0mC:\Users\SUWARNA\IdeaProjects\play-samples\play-scala-hello-world-tutorial\app\actors\ActorSytemOfSCM.scala:48:45: Auto-application to `()` is deprecated. Supply the empty argument list `()` explicitly to invoke method apply,[0m
[0m[[0m[31merror[0m] [0m[0mor remove the empty argument list from its definition (Java-defined methods are exempt).[0m
[0m[[0m[31merror[0m] [0m[0mIn Scala 3, an unapplied method like this will be eta-expanded into a function. [quickfixable][0m
[0m[[0m[31merror[0m] [0m[0m  val assignmentActor = system.actorOf(Props[AssignmentActor], "assignmentActor")[0m
[0m[[0m[31merror[0m] [0m[0m                                            ^[0m
[0m[[0m[31merror[0m] [0m[0mC:\Users\SUWARNA\IdeaProjects\play-samples\play-scala-hello-world-tutorial\app\actors\ActorSytemOfSCM.scala:51:61: Auto-application to `()` is deprecated. Supply the empty argument list `()` explicitly to invoke method apply,[0m
[0m[[0m[31merror[0m] [0m[0mor remove the empty argument list from its definition (Java-defined methods are exempt).[0m
[0m[[0m[31merror[0m] [0m[0mIn Scala 3, an unapplied method like this will be eta-expanded into a function. [quickfixable][0m
[0m[[0m[31merror[0m] [0m[0m  val orderAssignmentCoordinatorActor = system.actorOf(Props[OrderAssignmentCoordinatorActor], "orderAssignmentCoordinatorActor")[0m
[0m[[0m[31merror[0m] [0m[0m                                                            ^[0m
[0m[[0m[31merror[0m] [0m[0mC:\Users\SUWARNA\IdeaProjects\play-samples\play-scala-hello-world-tutorial\app\actors\ActorSytemOfSCM.scala:54:43: Auto-application to `()` is deprecated. Supply the empty argument list `()` explicitly to invoke method apply,[0m
[0m[[0m[31merror[0m] [0m[0mor remove the empty argument list from its definition (Java-defined methods are exempt).[0m
[0m[[0m[31merror[0m] [0m[0mIn Scala 3, an unapplied method like this will be eta-expanded into a function. [quickfixable][0m
[0m[[0m[31merror[0m] [0m[0m  val deliveryActor = system.actorOf(Props[DeliveryActor], "deliveryActor")[0m
[0m[[0m[31merror[0m] [0m[0m                                          ^[0m
[0m[[0m[31merror[0m] [0m[0mC:\Users\SUWARNA\IdeaProjects\play-samples\play-scala-hello-world-tutorial\app\actors\ActorSytemOfSCM.scala:192:44: Auto-application to `()` is deprecated. Supply the empty argument list `()` explicitly to invoke method apply,[0m
[0m[[0m[31merror[0m] [0m[0mor remove the empty argument list from its definition (Java-defined methods are exempt).[0m
[0m[[0m[31merror[0m] [0m[0mIn Scala 3, an unapplied method like this will be eta-expanded into a function. [quickfixable][0m
[0m[[0m[31merror[0m] [0m[0m  val kafkaProducer = context.actorOf(Props[KafkaProducerActor], "kafkaProducer")[0m
[0m[[0m[31merror[0m] [0m[0m                                           ^[0m
[0m[[0m[31merror[0m] [0m[0mC:\Users\SUWARNA\IdeaProjects\play-samples\play-scala-hello-world-tutorial\app\controllers\KafkaController.scala:41:27: type mismatch;[0m
[0m[[0m[31merror[0m] [0m[0m found   : Seq[play.api.libs.json.JsValue][0m
[0m[[0m[31merror[0m] [0m[0m required: String[0m
[0m[[0m[31merror[0m] [0m[0m      Ok(views.html.index(kafkaMessages))[0m
[0m[[0m[31merror[0m] [0m[0m                          ^[0m
[0m[[0m[31merror[0m] [0m[0m9 errors found[0m
[0m[[0m[31merror[0m] [0m[0m(Compile / [31mcompileIncremental[0m) Compilation failed[0m
[0m[[0m[0mdebug[0m] [0m[0mRunning task... Cancel: Signal, check cycles: false, forcegc: true[0m
[0m[[0m[0mdebug[0m] [0m[0mRunning task... Cancel: Signal, check cycles: false, forcegc: true[0m
[0m[[0m[0mdebug[0m] [0m[0mRunning task... Cancel: Signal, check cycles: false, forcegc: true[0m
[0m[[0m[0minfo[0m] [0m[0mcompiling 9 Scala sources and 1 Java source to C:\Users\SUWARNA\IdeaProjects\play-samples\play-scala-hello-world-tutorial\target\scala-2.13\classes ...[0m
[0m[[0m[31merror[0m] [0m[0mC:\Users\SUWARNA\IdeaProjects\play-samples\play-scala-hello-world-tutorial\app\actors\ActorSytemOfSCM.scala:7:8: object ConsumerSettings is not a member of package org.apache.kafka.clients.consumer[0m
[0m[[0m[31merror[0m] [0m[0mimport org.apache.kafka.clients.consumer.{ConsumerSettings, KafkaConsumer}[0m
[0m[[0m[31merror[0m] [0m[0m       ^[0m
[0m[[0m[31merror[0m] [0m[0mC:\Users\SUWARNA\IdeaProjects\play-samples\play-scala-hello-world-tutorial\app\actors\ActorSytemOfSCM.scala:74:34: No Json deserializer found for type OrderDetails. Try to implement an implicit Reads or Format for this type.[0m
[0m[[0m[31merror[0m] [0m[0m        Json.parse(jsonString).as[OrderDetails][0m
[0m[[0m[31merror[0m] [0m[0m                                 ^[0m
[0m[[0m[31merror[0m] [0m[0mC:\Users\SUWARNA\IdeaProjects\play-samples\play-scala-hello-world-tutorial\app\actors\ActorSytemOfSCM.scala:83:34: No Json deserializer found for type SupplierDetails. Try to implement an implicit Reads or Format for this type.[0m
[0m[[0m[31merror[0m] [0m[0m        Json.parse(jsonString).as[SupplierDetails][0m
[0m[[0m[31merror[0m] [0m[0m                                 ^[0m
[0m[[0m[31merror[0m] [0m[0mC:\Users\SUWARNA\IdeaProjects\play-samples\play-scala-hello-world-tutorial\app\actors\ActorSytemOfSCM.scala:45:46: Auto-application to `()` is deprecated. Supply the empty argument list `()` explicitly to invoke method apply,[0m
[0m[[0m[31merror[0m] [0m[0mor remove the empty argument list from its definition (Java-defined methods are exempt).[0m
[0m[[0m[31merror[0m] [0m[0mIn Scala 3, an unapplied method like this will be eta-expanded into a function. [quickfixable][0m
[0m[[0m[31merror[0m] [0m[0m  val manufactureActor = system.actorOf(Props[ManufactureActor], "manufactureActor")[0m
[0m[[0m[31merror[0m] [0m[0m                                             ^[0m
[0m[[0m[31merror[0m] [0m[0mC:\Users\SUWARNA\IdeaProjects\play-samples\play-scala-hello-world-tutorial\app\actors\ActorSytemOfSCM.scala:48:45: Auto-application to `()` is deprecated. Supply the empty argument list `()` explicitly to invoke method apply,[0m
[0m[[0m[31merror[0m] [0m[0mor remove the empty argument list from its definition (Java-defined methods are exempt).[0m
[0m[[0m[31merror[0m] [0m[0mIn Scala 3, an unapplied method like this will be eta-expanded into a function. [quickfixable][0m
[0m[[0m[31merror[0m] [0m[0m  val assignmentActor = system.actorOf(Props[AssignmentActor], "assignmentActor")[0m
[0m[[0m[31merror[0m] [0m[0m                                            ^[0m
[0m[[0m[31merror[0m] [0m[0mC:\Users\SUWARNA\IdeaProjects\play-samples\play-scala-hello-world-tutorial\app\actors\ActorSytemOfSCM.scala:51:61: Auto-application to `()` is deprecated. Supply the empty argument list `()` explicitly to invoke method apply,[0m
[0m[[0m[31merror[0m] [0m[0mor remove the empty argument list from its definition (Java-defined methods are exempt).[0m
[0m[[0m[31merror[0m] [0m[0mIn Scala 3, an unapplied method like this will be eta-expanded into a function. [quickfixable][0m
[0m[[0m[31merror[0m] [0m[0m  val orderAssignmentCoordinatorActor = system.actorOf(Props[OrderAssignmentCoordinatorActor], "orderAssignmentCoordinatorActor")[0m
[0m[[0m[31merror[0m] [0m[0m                                                            ^[0m
[0m[[0m[31merror[0m] [0m[0mC:\Users\SUWARNA\IdeaProjects\play-samples\play-scala-hello-world-tutorial\app\actors\ActorSytemOfSCM.scala:54:43: Auto-application to `()` is deprecated. Supply the empty argument list `()` explicitly to invoke method apply,[0m
[0m[[0m[31merror[0m] [0m[0mor remove the empty argument list from its definition (Java-defined methods are exempt).[0m
[0m[[0m[31merror[0m] [0m[0mIn Scala 3, an unapplied method like this will be eta-expanded into a function. [quickfixable][0m
[0m[[0m[31merror[0m] [0m[0m  val deliveryActor = system.actorOf(Props[DeliveryActor], "deliveryActor")[0m
[0m[[0m[31merror[0m] [0m[0m                                          ^[0m
[0m[[0m[31merror[0m] [0m[0mC:\Users\SUWARNA\IdeaProjects\play-samples\play-scala-hello-world-tutorial\app\actors\ActorSytemOfSCM.scala:192:44: Auto-application to `()` is deprecated. Supply the empty argument list `()` explicitly to invoke method apply,[0m
[0m[[0m[31merror[0m] [0m[0mor remove the empty argument list from its definition (Java-defined methods are exempt).[0m
[0m[[0m[31merror[0m] [0m[0mIn Scala 3, an unapplied method like this will be eta-expanded into a function. [quickfixable][0m
[0m[[0m[31merror[0m] [0m[0m  val kafkaProducer = context.actorOf(Props[KafkaProducerActor], "kafkaProducer")[0m
[0m[[0m[31merror[0m] [0m[0m                                           ^[0m
[0m[[0m[31merror[0m] [0m[0mC:\Users\SUWARNA\IdeaProjects\play-samples\play-scala-hello-world-tutorial\app\controllers\KafkaController.scala:41:27: type mismatch;[0m
[0m[[0m[31merror[0m] [0m[0m found   : Seq[play.api.libs.json.JsValue][0m
[0m[[0m[31merror[0m] [0m[0m required: String[0m
[0m[[0m[31merror[0m] [0m[0m      Ok(views.html.index(kafkaMessages))[0m
[0m[[0m[31merror[0m] [0m[0m                          ^[0m
[0m[[0m[31merror[0m] [0m[0m9 errors found[0m
[0m[[0m[31merror[0m] [0m[0m(Compile / [31mcompileIncremental[0m) Compilation failed[0m
[0m[[0m[0mdebug[0m] [0m[0mRunning task... Cancel: Signal, check cycles: false, forcegc: true[0m
[0m[[0m[0mdebug[0m] [0m[0mRunning task... Cancel: Signal, check cycles: false, forcegc: true[0m
